build/app/outputs/mapping/release/mapping.txt
# compiler: R8
# compiler_version: 1.5.64
# min_api: 16
# pg_map_id: 5127b7a
...
io.flutter.embedding.engine.dart.DartMessenger -> io.flutter.embedding.engine.e.b:
    io.flutter.embedding.engine.FlutterJNI flutterJNI -> a
    java.util.Map messageHandlers -> b
    java.util.Map pendingReplies -> c
    int nextReplyId -> d
    void handleMessageFromDart(java.lang.String,byte[],int) -> a
    void handlePlatformMessageResponse(int,byte[]) -> a
    void send(java.lang.String,java.nio.ByteBuffer,io.flutter.plugin.common.BinaryMessenger$BinaryReply) -> a
    void setMessageHandler(java.lang.String,io.flutter.plugin.common.BinaryMessenger$BinaryMessageHandler) -> a
io.flutter.embedding.engine.dart.DartMessenger$Reply -> io.flutter.embedding.engine.e.b$a:
    io.flutter.embedding.engine.FlutterJNI flutterJNI -> a
    java.util.concurrent.atomic.AtomicBoolean done -> c
    int replyId -> b
    void reply(java.nio.ByteBuffer) -> a
io.flutter.embedding.engine.dart.PlatformMessageHandler -> io.flutter.embedding.engine.e.c:
    void handleMessageFromDart(java.lang.String,byte[],int) -> a
    void handlePlatformMessageResponse(int,byte[]) -> a
io.flutter.embedding.engine.loader.FlutterLoader -> io.flutter.embedding.engine.f.a:
    java.lang.String PUBLIC_VM_SNAPSHOT_DATA_KEY -> g
    java.lang.String PUBLIC_AOT_SHARED_LIBRARY_NAME -> f
    java.lang.String PUBLIC_FLUTTER_ASSETS_DIR_KEY -> i
    java.lang.String PUBLIC_ISOLATE_SNAPSHOT_DATA_KEY -> h
    io.flutter.embedding.engine.loader.FlutterLoader instance -> j
    io.flutter.embedding.engine.loader.ResourceExtractor resourceExtractor -> d
    io.flutter.embedding.engine.loader.FlutterLoader$Settings settings -> e
    java.lang.String aotSharedLibraryName -> a
    java.lang.String flutterAssetsDir -> b
    boolean initialized -> c
    void ensureInitializationComplete(android.content.Context,java.lang.String[]) -> a
    java.lang.String findAppBundlePath() -> a
    void startInitialization(android.content.Context) -> a
    void startInitialization(android.content.Context,io.flutter.embedding.engine.loader.FlutterLoader$Settings) -> a
    android.content.pm.ApplicationInfo getApplicationInfo(android.content.Context) -> b
    io.flutter.embedding.engine.loader.FlutterLoader getInstance() -> b
    void initConfig(android.content.Context) -> c
    void initResources(android.content.Context) -> d
io.flutter.embedding.engine.loader.FlutterLoader$Settings -> io.flutter.embedding.engine.f.a$a:
    java.lang.String logTag -> a
    java.lang.String getLogTag() -> a
io.flutter.embedding.engine.loader.ResourceCleaner -> io.flutter.embedding.engine.f.b:
    android.content.Context mContext -> a
    void start() -> a
io.flutter.embedding.engine.loader.ResourceCleaner$1 -> io.flutter.embedding.engine.f.b$a:
io.flutter.embedding.engine.loader.ResourceCleaner$2 -> io.flutter.embedding.engine.f.b$b:
    io.flutter.embedding.engine.loader.ResourceCleaner$CleanTask val$task -> a
io.flutter.embedding.engine.loader.ResourceCleaner$CleanTask -> io.flutter.embedding.engine.f.b$c:
    java.io.File[] mFilesToDelete -> a
    void deleteRecursively(java.io.File) -> a
    java.lang.Void doInBackground(java.lang.Void[]) -> a
    boolean hasFilesToDelete() -> a
io.flutter.embedding.engine.loader.ResourceExtractor -> io.flutter.embedding.engine.f.c:
    void waitForCompletion() -> a
    java.lang.String[] getSupportedAbis() -> b
io.flutter.embedding.engine.plugins.FlutterPlugin -> io.flutter.embedding.engine.g.a:
    void onDetachedFromEngine(io.flutter.embedding.engine.plugins.FlutterPlugin$FlutterPluginBinding) -> a
io.flutter.embedding.engine.plugins.FlutterPlugin$FlutterAssets -> io.flutter.embedding.engine.g.a$a:
io.flutter.embedding.engine.plugins.FlutterPlugin$FlutterPluginBinding -> io.flutter.embedding.engine.g.a$b:
io.flutter.embedding.engine.plugins.PluginRegistry -> io.flutter.embedding.engine.g.b: